<?xml version="1.0" encoding="UTF-8"?>
<!-- Generated by org.testng.reporters.JUnitReportReporter -->
<testsuite hostname="NareshPc" failures="0" tests="2" name="testScripts.TestCase" time="45.093" errors="2" timestamp="2022-02-12T15:58:38 IST" skipped="0">
  <testcase classname="testScripts.TestCase" name="testCase" time="22.808">
    <error message="element click intercepted: Element &lt;a href=&quot;https://www.lambdatest.com/support/docs/testingwhiz-integration/&quot; class=&quot;uppercase tracking-widest font-bold text-size-12 hover:text-lambda-700&quot;&gt;...&lt;/a&gt; is not clickable at point (719, 7). Other element would receive the click: &lt;div class=&quot;w-8/12 desktop:w-full header__menu__items&quot;&gt;...&lt;/div&gt;
  (Session info: MicrosoftEdge=87.0.664.41)
Build info: version: &#039;4.0.0&#039;, revision: &#039;3a21814679&#039;
System info: host: &#039;NARESHPC&#039;, ip: &#039;192.168.55.105&#039;, os.name: &#039;Windows 10&#039;, os.arch: &#039;amd64&#039;, os.version: &#039;10.0&#039;, java.version: &#039;11.0.9&#039;
Driver info: org.openqa.selenium.remote.RemoteWebDriver
Command: [f713e1e048f4547fcb70c229aaebb396, clickElement {id=0d1368e1-c8b0-4259-b5ee-01c847b4b085}]
Capabilities {acceptInsecureCerts: false, browserName: msedge, browserVersion: 87.0.664.41, javascriptEnabled: true, ms:edgeOptions: {debuggerAddress: localhost:63767}, msedge: {msedgedriverVersion: 87.0.669.0 (9e7154764c4ca8c..., userDataDir: /var/folders/qq/vnv9tm6922q...}, networkConnectionEnabled: false, pageLoadStrategy: normal, platform: MAC, platformName: MAC, proxy: Proxy(), setWindowRect: true, strictFileInteractability: false, timeouts: {implicit: 0, pageLoad: 300000, script: 30000}, unhandledPromptBehavior: dismiss and notify, webauthn:virtualAuthenticators: true, webdriver.remote.sessionid: f713e1e048f4547fcb70c229aae...}
Element: [[RemoteWebDriver: msedge on MAC (f713e1e048f4547fcb70c229aaebb396)] -&gt; xpath: //div[@id=&#039;codeless_row&#039;]/div/div[4]/a]
Session ID: f713e1e048f4547fcb70c229aaebb396" type="org.openqa.selenium.ElementClickInterceptedException">
      <![CDATA[org.openqa.selenium.ElementClickInterceptedException: element click intercepted: Element <a href="https://www.lambdatest.com/support/docs/testingwhiz-integration/" class="uppercase tracking-widest font-bold text-size-12 hover:text-lambda-700">...</a> is not clickable at point (719, 7). Other element would receive the click: <div class="w-8/12 desktop:w-full header__menu__items">...</div>
  (Session info: MicrosoftEdge=87.0.664.41)
Build info: version: '4.0.0', revision: '3a21814679'
System info: host: 'NARESHPC', ip: '192.168.55.105', os.name: 'Windows 10', os.arch: 'amd64', os.version: '10.0', java.version: '11.0.9'
Driver info: org.openqa.selenium.remote.RemoteWebDriver
Command: [f713e1e048f4547fcb70c229aaebb396, clickElement {id=0d1368e1-c8b0-4259-b5ee-01c847b4b085}]
Capabilities {acceptInsecureCerts: false, browserName: msedge, browserVersion: 87.0.664.41, javascriptEnabled: true, ms:edgeOptions: {debuggerAddress: localhost:63767}, msedge: {msedgedriverVersion: 87.0.669.0 (9e7154764c4ca8c..., userDataDir: /var/folders/qq/vnv9tm6922q...}, networkConnectionEnabled: false, pageLoadStrategy: normal, platform: MAC, platformName: MAC, proxy: Proxy(), setWindowRect: true, strictFileInteractability: false, timeouts: {implicit: 0, pageLoad: 300000, script: 30000}, unhandledPromptBehavior: dismiss and notify, webauthn:virtualAuthenticators: true, webdriver.remote.sessionid: f713e1e048f4547fcb70c229aae...}
Element: [[RemoteWebDriver: msedge on MAC (f713e1e048f4547fcb70c229aaebb396)] -> xpath: //div[@id='codeless_row']/div/div[4]/a]
Session ID: f713e1e048f4547fcb70c229aaebb396
at java.base/jdk.internal.reflect.NativeConstructorAccessorImpl.newInstance0(Native Method)
at java.base/jdk.internal.reflect.NativeConstructorAccessorImpl.newInstance(NativeConstructorAccessorImpl.java:62)
at java.base/jdk.internal.reflect.DelegatingConstructorAccessorImpl.newInstance(DelegatingConstructorAccessorImpl.java:45)
at java.base/java.lang.reflect.Constructor.newInstance(Constructor.java:490)
at org.openqa.selenium.remote.codec.w3c.W3CHttpResponseCodec.createException(W3CHttpResponseCodec.java:200)
at org.openqa.selenium.remote.codec.w3c.W3CHttpResponseCodec.decode(W3CHttpResponseCodec.java:133)
at org.openqa.selenium.remote.codec.w3c.W3CHttpResponseCodec.decode(W3CHttpResponseCodec.java:53)
at org.openqa.selenium.remote.HttpCommandExecutor.execute(HttpCommandExecutor.java:184)
at org.openqa.selenium.remote.TracedCommandExecutor.execute(TracedCommandExecutor.java:39)
at org.openqa.selenium.remote.RemoteWebDriver.execute(RemoteWebDriver.java:559)
at org.openqa.selenium.remote.RemoteWebElement.execute(RemoteWebElement.java:251)
at org.openqa.selenium.remote.RemoteWebElement.click(RemoteWebElement.java:77)
at testScripts.TestCase.testCase(TestCase.java:86)
at java.base/jdk.internal.reflect.NativeMethodAccessorImpl.invoke0(Native Method)
at java.base/jdk.internal.reflect.NativeMethodAccessorImpl.invoke(NativeMethodAccessorImpl.java:62)
at java.base/jdk.internal.reflect.DelegatingMethodAccessorImpl.invoke(DelegatingMethodAccessorImpl.java:43)
at java.base/java.lang.reflect.Method.invoke(Method.java:566)
at org.testng.internal.MethodInvocationHelper.invokeMethod(MethodInvocationHelper.java:132)
at org.testng.internal.TestInvoker.invokeMethod(TestInvoker.java:599)
at org.testng.internal.TestInvoker.invokeTestMethod(TestInvoker.java:174)
at org.testng.internal.MethodRunner.runInSequence(MethodRunner.java:46)
at org.testng.internal.TestInvoker$MethodInvocationAgent.invoke(TestInvoker.java:822)
at org.testng.internal.TestInvoker.invokeTestMethods(TestInvoker.java:147)
at org.testng.internal.TestMethodWorker.invokeTestMethods(TestMethodWorker.java:146)
at org.testng.internal.TestMethodWorker.run(TestMethodWorker.java:128)
at java.base/java.util.ArrayList.forEach(ArrayList.java:1541)
at org.testng.TestRunner.privateRun(TestRunner.java:764)
at org.testng.TestRunner.run(TestRunner.java:585)
at org.testng.SuiteRunner.runTest(SuiteRunner.java:384)
at org.testng.SuiteRunner.access$000(SuiteRunner.java:28)
at org.testng.SuiteRunner$SuiteWorker.run(SuiteRunner.java:425)
at org.testng.internal.thread.ThreadUtil.lambda$execute$0(ThreadUtil.java:66)
at java.base/java.util.concurrent.FutureTask.run(FutureTask.java:264)
at java.base/java.util.concurrent.ThreadPoolExecutor.runWorker(ThreadPoolExecutor.java:1128)
at java.base/java.util.concurrent.ThreadPoolExecutor$Worker.run(ThreadPoolExecutor.java:628)
at java.base/java.lang.Thread.run(Thread.java:834)
]]>
    </error>
  </testcase> <!-- testCase -->
  <system-out/>
  <testcase classname="testScripts.TestCase" name="testCase" time="22.285">
    <error message="element click intercepted: Element &lt;a href=&quot;https://www.lambdatest.com/support/docs/testingwhiz-integration/&quot; class=&quot;uppercase tracking-widest font-bold text-size-12 hover:text-lambda-700&quot;&gt;...&lt;/a&gt; is not clickable at point (719, 7). Other element would receive the click: &lt;div class=&quot;w-8/12 desktop:w-full header__menu__items&quot;&gt;...&lt;/div&gt;
  (Session info: MicrosoftEdge=87.0.664.41)
Build info: version: &#039;4.0.0&#039;, revision: &#039;3a21814679&#039;
System info: host: &#039;NARESHPC&#039;, ip: &#039;192.168.55.105&#039;, os.name: &#039;Windows 10&#039;, os.arch: &#039;amd64&#039;, os.version: &#039;10.0&#039;, java.version: &#039;11.0.9&#039;
Driver info: org.openqa.selenium.remote.RemoteWebDriver
Command: [f713e1e048f4547fcb70c229aaebb396, clickElement {id=0d1368e1-c8b0-4259-b5ee-01c847b4b085}]
Capabilities {acceptInsecureCerts: false, browserName: msedge, browserVersion: 87.0.664.41, javascriptEnabled: true, ms:edgeOptions: {debuggerAddress: localhost:63767}, msedge: {msedgedriverVersion: 87.0.669.0 (9e7154764c4ca8c..., userDataDir: /var/folders/qq/vnv9tm6922q...}, networkConnectionEnabled: false, pageLoadStrategy: normal, platform: MAC, platformName: MAC, proxy: Proxy(), setWindowRect: true, strictFileInteractability: false, timeouts: {implicit: 0, pageLoad: 300000, script: 30000}, unhandledPromptBehavior: dismiss and notify, webauthn:virtualAuthenticators: true, webdriver.remote.sessionid: f713e1e048f4547fcb70c229aae...}
Element: [[RemoteWebDriver: msedge on MAC (f713e1e048f4547fcb70c229aaebb396)] -&gt; xpath: //div[@id=&#039;codeless_row&#039;]/div/div[4]/a]
Session ID: f713e1e048f4547fcb70c229aaebb396" type="org.openqa.selenium.ElementClickInterceptedException">
      <![CDATA[org.openqa.selenium.ElementClickInterceptedException: element click intercepted: Element <a href="https://www.lambdatest.com/support/docs/testingwhiz-integration/" class="uppercase tracking-widest font-bold text-size-12 hover:text-lambda-700">...</a> is not clickable at point (719, 7). Other element would receive the click: <div class="w-8/12 desktop:w-full header__menu__items">...</div>
  (Session info: MicrosoftEdge=87.0.664.41)
Build info: version: '4.0.0', revision: '3a21814679'
System info: host: 'NARESHPC', ip: '192.168.55.105', os.name: 'Windows 10', os.arch: 'amd64', os.version: '10.0', java.version: '11.0.9'
Driver info: org.openqa.selenium.remote.RemoteWebDriver
Command: [f713e1e048f4547fcb70c229aaebb396, clickElement {id=0d1368e1-c8b0-4259-b5ee-01c847b4b085}]
Capabilities {acceptInsecureCerts: false, browserName: msedge, browserVersion: 87.0.664.41, javascriptEnabled: true, ms:edgeOptions: {debuggerAddress: localhost:63767}, msedge: {msedgedriverVersion: 87.0.669.0 (9e7154764c4ca8c..., userDataDir: /var/folders/qq/vnv9tm6922q...}, networkConnectionEnabled: false, pageLoadStrategy: normal, platform: MAC, platformName: MAC, proxy: Proxy(), setWindowRect: true, strictFileInteractability: false, timeouts: {implicit: 0, pageLoad: 300000, script: 30000}, unhandledPromptBehavior: dismiss and notify, webauthn:virtualAuthenticators: true, webdriver.remote.sessionid: f713e1e048f4547fcb70c229aae...}
Element: [[RemoteWebDriver: msedge on MAC (f713e1e048f4547fcb70c229aaebb396)] -> xpath: //div[@id='codeless_row']/div/div[4]/a]
Session ID: f713e1e048f4547fcb70c229aaebb396
at java.base/jdk.internal.reflect.NativeConstructorAccessorImpl.newInstance0(Native Method)
at java.base/jdk.internal.reflect.NativeConstructorAccessorImpl.newInstance(NativeConstructorAccessorImpl.java:62)
at java.base/jdk.internal.reflect.DelegatingConstructorAccessorImpl.newInstance(DelegatingConstructorAccessorImpl.java:45)
at java.base/java.lang.reflect.Constructor.newInstance(Constructor.java:490)
at org.openqa.selenium.remote.codec.w3c.W3CHttpResponseCodec.createException(W3CHttpResponseCodec.java:200)
at org.openqa.selenium.remote.codec.w3c.W3CHttpResponseCodec.decode(W3CHttpResponseCodec.java:133)
at org.openqa.selenium.remote.codec.w3c.W3CHttpResponseCodec.decode(W3CHttpResponseCodec.java:53)
at org.openqa.selenium.remote.HttpCommandExecutor.execute(HttpCommandExecutor.java:184)
at org.openqa.selenium.remote.TracedCommandExecutor.execute(TracedCommandExecutor.java:39)
at org.openqa.selenium.remote.RemoteWebDriver.execute(RemoteWebDriver.java:559)
at org.openqa.selenium.remote.RemoteWebElement.execute(RemoteWebElement.java:251)
at org.openqa.selenium.remote.RemoteWebElement.click(RemoteWebElement.java:77)
at testScripts.TestCase.testCase(TestCase.java:86)
at java.base/jdk.internal.reflect.NativeMethodAccessorImpl.invoke0(Native Method)
at java.base/jdk.internal.reflect.NativeMethodAccessorImpl.invoke(NativeMethodAccessorImpl.java:62)
at java.base/jdk.internal.reflect.DelegatingMethodAccessorImpl.invoke(DelegatingMethodAccessorImpl.java:43)
at java.base/java.lang.reflect.Method.invoke(Method.java:566)
at org.testng.internal.MethodInvocationHelper.invokeMethod(MethodInvocationHelper.java:132)
at org.testng.internal.TestInvoker.invokeMethod(TestInvoker.java:599)
at org.testng.internal.TestInvoker.invokeTestMethod(TestInvoker.java:174)
at org.testng.internal.MethodRunner.runInSequence(MethodRunner.java:46)
at org.testng.internal.TestInvoker$MethodInvocationAgent.invoke(TestInvoker.java:822)
at org.testng.internal.TestInvoker.invokeTestMethods(TestInvoker.java:147)
at org.testng.internal.TestMethodWorker.invokeTestMethods(TestMethodWorker.java:146)
at org.testng.internal.TestMethodWorker.run(TestMethodWorker.java:128)
at java.base/java.util.ArrayList.forEach(ArrayList.java:1541)
at org.testng.TestRunner.privateRun(TestRunner.java:764)
at org.testng.TestRunner.run(TestRunner.java:585)
at org.testng.SuiteRunner.runTest(SuiteRunner.java:384)
at org.testng.SuiteRunner.access$000(SuiteRunner.java:28)
at org.testng.SuiteRunner$SuiteWorker.run(SuiteRunner.java:425)
at org.testng.internal.thread.ThreadUtil.lambda$execute$0(ThreadUtil.java:66)
at java.base/java.util.concurrent.FutureTask.run(FutureTask.java:264)
at java.base/java.util.concurrent.ThreadPoolExecutor.runWorker(ThreadPoolExecutor.java:1128)
at java.base/java.util.concurrent.ThreadPoolExecutor$Worker.run(ThreadPoolExecutor.java:628)
at java.base/java.lang.Thread.run(Thread.java:834)
]]>
    </error>
  </testcase> <!-- testCase -->
  <system-out/>
</testsuite> <!-- testScripts.TestCase -->
