<?xml version="1.0" encoding="UTF-8"?>
<!-- Generated by org.testng.reporters.JUnitXMLReporter -->
<testsuite ignored="0" hostname="NareshPc" failures="1" tests="1" name="TestInChrome" time="32.626" errors="0" timestamp="2022-02-12T15:58:37 IST">
  <testcase classname="testScripts.TestCase" name="testCase" time="22.285">
    <failure type="org.openqa.selenium.ElementClickInterceptedException" message="element click intercepted: Element &amp;lt;a href=&amp;quot;https://www.lambdatest.com/support/docs/testingwhiz-integration/&amp;quot; class=&amp;quot;uppercase tracking-widest font-bold text-size-12 hover:text-lambda-700&amp;quot;&amp;gt;...&amp;lt;/a&amp;gt; is not clickable at point (719, 7). Other element would receive the click: &amp;lt;div class=&amp;quot;w-8/12 desktop:w-full header__menu__items&amp;quot;&amp;gt;...&amp;lt;/div&amp;gt;
  (Session info: MicrosoftEdge=87.0.664.41)
Build info: version: &amp;apos;4.0.0&amp;apos;, revision: &amp;apos;3a21814679&amp;apos;
System info: host: &amp;apos;NARESHPC&amp;apos;, ip: &amp;apos;192.168.55.105&amp;apos;, os.name: &amp;apos;Windows 10&amp;apos;, os.arch: &amp;apos;amd64&amp;apos;, os.version: &amp;apos;10.0&amp;apos;, java.version: &amp;apos;11.0.9&amp;apos;
Driver info: org.openqa.selenium.remote.RemoteWebDriver
Command: [f713e1e048f4547fcb70c229aaebb396, clickElement {id=0d1368e1-c8b0-4259-b5ee-01c847b4b085}]
Capabilities {acceptInsecureCerts: false, browserName: msedge, browserVersion: 87.0.664.41, javascriptEnabled: true, ms:edgeOptions: {debuggerAddress: localhost:63767}, msedge: {msedgedriverVersion: 87.0.669.0 (9e7154764c4ca8c..., userDataDir: /var/folders/qq/vnv9tm6922q...}, networkConnectionEnabled: false, pageLoadStrategy: normal, platform: MAC, platformName: MAC, proxy: Proxy(), setWindowRect: true, strictFileInteractability: false, timeouts: {implicit: 0, pageLoad: 300000, script: 30000}, unhandledPromptBehavior: dismiss and notify, webauthn:virtualAuthenticators: true, webdriver.remote.sessionid: f713e1e048f4547fcb70c229aae...}
Element: [[RemoteWebDriver: msedge on MAC (f713e1e048f4547fcb70c229aaebb396)] -&amp;gt; xpath: //div[@id=&amp;apos;codeless_row&amp;apos;]/div/div[4]/a]
Session ID: f713e1e048f4547fcb70c229aaebb396">
      <![CDATA[org.openqa.selenium.ElementClickInterceptedException: element click intercepted: Element <a href="https://www.lambdatest.com/support/docs/testingwhiz-integration/" class="uppercase tracking-widest font-bold text-size-12 hover:text-lambda-700">...</a> is not clickable at point (719, 7). Other element would receive the click: <div class="w-8/12 desktop:w-full header__menu__items">...</div>
  (Session info: MicrosoftEdge=87.0.664.41)
Build info: version: '4.0.0', revision: '3a21814679'
System info: host: 'NARESHPC', ip: '192.168.55.105', os.name: 'Windows 10', os.arch: 'amd64', os.version: '10.0', java.version: '11.0.9'
Driver info: org.openqa.selenium.remote.RemoteWebDriver
Command: [f713e1e048f4547fcb70c229aaebb396, clickElement {id=0d1368e1-c8b0-4259-b5ee-01c847b4b085}]
Capabilities {acceptInsecureCerts: false, browserName: msedge, browserVersion: 87.0.664.41, javascriptEnabled: true, ms:edgeOptions: {debuggerAddress: localhost:63767}, msedge: {msedgedriverVersion: 87.0.669.0 (9e7154764c4ca8c..., userDataDir: /var/folders/qq/vnv9tm6922q...}, networkConnectionEnabled: false, pageLoadStrategy: normal, platform: MAC, platformName: MAC, proxy: Proxy(), setWindowRect: true, strictFileInteractability: false, timeouts: {implicit: 0, pageLoad: 300000, script: 30000}, unhandledPromptBehavior: dismiss and notify, webauthn:virtualAuthenticators: true, webdriver.remote.sessionid: f713e1e048f4547fcb70c229aae...}
Element: [[RemoteWebDriver: msedge on MAC (f713e1e048f4547fcb70c229aaebb396)] -> xpath: //div[@id='codeless_row']/div/div[4]/a]
Session ID: f713e1e048f4547fcb70c229aaebb396
at org.openqa.selenium.remote.codec.w3c.W3CHttpResponseCodec.createException(W3CHttpResponseCodec.java:200)
at org.openqa.selenium.remote.codec.w3c.W3CHttpResponseCodec.decode(W3CHttpResponseCodec.java:133)
at org.openqa.selenium.remote.codec.w3c.W3CHttpResponseCodec.decode(W3CHttpResponseCodec.java:53)
at org.openqa.selenium.remote.HttpCommandExecutor.execute(HttpCommandExecutor.java:184)
at org.openqa.selenium.remote.TracedCommandExecutor.execute(TracedCommandExecutor.java:39)
at org.openqa.selenium.remote.RemoteWebDriver.execute(RemoteWebDriver.java:559)
at org.openqa.selenium.remote.RemoteWebElement.execute(RemoteWebElement.java:251)
at org.openqa.selenium.remote.RemoteWebElement.click(RemoteWebElement.java:77)
at testScripts.TestCase.testCase(TestCase.java:86)
at java.base/java.util.ArrayList.forEach(ArrayList.java:1541)
at java.base/java.util.concurrent.FutureTask.run(FutureTask.java:264)
at java.base/java.util.concurrent.ThreadPoolExecutor.runWorker(ThreadPoolExecutor.java:1128)
at java.base/java.util.concurrent.ThreadPoolExecutor$Worker.run(ThreadPoolExecutor.java:628)
at java.base/java.lang.Thread.run(Thread.java:834)
... Removed 22 stack frames]]>
    </failure>
  </testcase> <!-- testCase -->
</testsuite> <!-- TestInChrome -->
